[0.019s] Invoking command in '/home/borisfor317/Workspace/mecaro/_interview/cpp-test-ros/sensor/build/sensor': CMAKE_PREFIX_PATH=${CMAKE_PREFIX_PATH}:/opt/ros/foxy /usr/bin/cmake --build /home/borisfor317/Workspace/mecaro/_interview/cpp-test-ros/sensor/build/sensor -- -j12 -l12
[0.037s] -- Found ament_cmake: 0.9.11 (/opt/ros/foxy/share/ament_cmake/cmake)
[0.069s] -- Using PYTHON_EXECUTABLE: /home/borisfor317/.pyenv/shims/python3
[0.196s] -- Found rclcpp: 2.4.2 (/opt/ros/foxy/share/rclcpp/cmake)
[0.220s] -- Using all available rosidl_typesupport_c: rosidl_typesupport_fastrtps_c;rosidl_typesupport_introspection_c
[0.222s] -- Found rosidl_adapter: 1.3.0 (/opt/ros/foxy/share/rosidl_adapter/cmake)
[0.301s] -- Using all available rosidl_typesupport_cpp: rosidl_typesupport_fastrtps_cpp;rosidl_typesupport_introspection_cpp
[0.335s] -- Found rmw_implementation_cmake: 1.0.3 (/opt/ros/foxy/share/rmw_implementation_cmake/cmake)
[0.336s] -- Using RMW implementation 'rmw_fastrtps_cpp' as default
[0.430s] -- Found sensor_msgs: 2.0.5 (/opt/ros/foxy/share/sensor_msgs/cmake)
[0.503s] -- Found ament_lint_auto: 0.9.7 (/opt/ros/foxy/share/ament_lint_auto/cmake)
[0.562s] -- Added test 'copyright' to check source files copyright and LICENSE
[0.569s] -- Added test 'cppcheck' to perform static code analysis on C / C++ code
[0.569s] -- Configured cppcheck include dirs: /home/borisfor317/Workspace/mecaro/_interview/cpp-test-ros/sensor/include
[0.569s] -- Configured cppcheck exclude dirs and/or files: 
[0.576s] -- Added test 'cpplint' to check C / C++ code against the Google style
[0.576s] -- Configured cpplint exclude dirs and/or files: 
[0.577s] -- Added test 'flake8' to check Python code syntax and style conventions
[0.579s] -- Added test 'lint_cmake' to check CMake code style
[0.580s] -- Added test 'pep257' to check Python code against some of the style conventions in PEP 257
[0.587s] -- Added test 'uncrustify' to check C / C++ code style
[0.587s] -- Configured uncrustify additional arguments: 
[0.588s] -- Added test 'xmllint' to check XML markup files
[0.589s] -- Configuring done
[0.595s] -- Generating done
[0.596s] -- Build files have been written to: /home/borisfor317/Workspace/mecaro/_interview/cpp-test-ros/sensor/build/sensor
[0.626s] [ 50%] [32m[1mLinking CXX executable mock[0m
[0.737s] [100%] Built target mock
[0.744s] Invoked command in '/home/borisfor317/Workspace/mecaro/_interview/cpp-test-ros/sensor/build/sensor' returned '0': CMAKE_PREFIX_PATH=${CMAKE_PREFIX_PATH}:/opt/ros/foxy /usr/bin/cmake --build /home/borisfor317/Workspace/mecaro/_interview/cpp-test-ros/sensor/build/sensor -- -j12 -l12
[0.767s] Invoking command in '/home/borisfor317/Workspace/mecaro/_interview/cpp-test-ros/sensor/build/sensor': CMAKE_PREFIX_PATH=${CMAKE_PREFIX_PATH}:/opt/ros/foxy /usr/bin/cmake --install /home/borisfor317/Workspace/mecaro/_interview/cpp-test-ros/sensor/build/sensor
[0.772s] -- Install configuration: ""
[0.773s] -- Installing: /home/borisfor317/Workspace/mecaro/_interview/cpp-test-ros/sensor/install/sensor/lib/sensor/mock
[0.773s] -- Set runtime path of "/home/borisfor317/Workspace/mecaro/_interview/cpp-test-ros/sensor/install/sensor/lib/sensor/mock" to ""
[0.773s] -- Installing: /home/borisfor317/Workspace/mecaro/_interview/cpp-test-ros/sensor/install/sensor/share/ament_index/resource_index/package_run_dependencies/sensor
[0.773s] -- Installing: /home/borisfor317/Workspace/mecaro/_interview/cpp-test-ros/sensor/install/sensor/share/ament_index/resource_index/parent_prefix_path/sensor
[0.774s] -- Installing: /home/borisfor317/Workspace/mecaro/_interview/cpp-test-ros/sensor/install/sensor/share/sensor/environment/ament_prefix_path.sh
[0.774s] -- Installing: /home/borisfor317/Workspace/mecaro/_interview/cpp-test-ros/sensor/install/sensor/share/sensor/environment/ament_prefix_path.dsv
[0.774s] -- Installing: /home/borisfor317/Workspace/mecaro/_interview/cpp-test-ros/sensor/install/sensor/share/sensor/environment/path.sh
[0.774s] -- Installing: /home/borisfor317/Workspace/mecaro/_interview/cpp-test-ros/sensor/install/sensor/share/sensor/environment/path.dsv
[0.774s] -- Installing: /home/borisfor317/Workspace/mecaro/_interview/cpp-test-ros/sensor/install/sensor/share/sensor/local_setup.bash
[0.774s] -- Installing: /home/borisfor317/Workspace/mecaro/_interview/cpp-test-ros/sensor/install/sensor/share/sensor/local_setup.sh
[0.774s] -- Installing: /home/borisfor317/Workspace/mecaro/_interview/cpp-test-ros/sensor/install/sensor/share/sensor/local_setup.zsh
[0.774s] -- Installing: /home/borisfor317/Workspace/mecaro/_interview/cpp-test-ros/sensor/install/sensor/share/sensor/local_setup.dsv
[0.775s] -- Installing: /home/borisfor317/Workspace/mecaro/_interview/cpp-test-ros/sensor/install/sensor/share/sensor/package.dsv
[0.775s] -- Installing: /home/borisfor317/Workspace/mecaro/_interview/cpp-test-ros/sensor/install/sensor/share/ament_index/resource_index/packages/sensor
[0.775s] -- Installing: /home/borisfor317/Workspace/mecaro/_interview/cpp-test-ros/sensor/install/sensor/share/sensor/cmake/sensorConfig.cmake
[0.775s] -- Installing: /home/borisfor317/Workspace/mecaro/_interview/cpp-test-ros/sensor/install/sensor/share/sensor/cmake/sensorConfig-version.cmake
[0.775s] -- Installing: /home/borisfor317/Workspace/mecaro/_interview/cpp-test-ros/sensor/install/sensor/share/sensor/package.xml
[0.777s] Invoked command in '/home/borisfor317/Workspace/mecaro/_interview/cpp-test-ros/sensor/build/sensor' returned '0': CMAKE_PREFIX_PATH=${CMAKE_PREFIX_PATH}:/opt/ros/foxy /usr/bin/cmake --install /home/borisfor317/Workspace/mecaro/_interview/cpp-test-ros/sensor/build/sensor
