[35m[1mScanning dependencies of target mock[0m
[35m[1mScanning dependencies of target client[0m
[ 50%] [32mBuilding CXX object CMakeFiles/mock.dir/src/mock.cpp.o[0m
[ 50%] [32mBuilding CXX object CMakeFiles/client.dir/src/client.cpp.o[0m
[01m[K/home/borisfor317/Workspace/mecaro/_interview/cpp-test-ros/sensor/src/client.cpp:30:61:[m[K [01;31m[Kerror: [m[Kexpected class-name before ‘[01m[K{[m[K’ token
   30 | class SensorRosReader : public rclcpp::Node, public ISensor [01;31m[K{[m[K
      |                                                             [01;31m[K^[m[K
[01m[K/home/borisfor317/Workspace/mecaro/_interview/cpp-test-ros/sensor/src/client.cpp:32:50:[m[K [01;31m[Kerror: [m[KISO C++ forbids declaration of ‘[01m[KSensorSubscriber[m[K’ with no type [[01;31m[K-fpermissive[m[K]
   32 |   explicit SensorSubscriber(std::string node_name[01;31m[K)[m[K : Node(node_name) {
      |                                                  [01;31m[K^[m[K
[01m[K/home/borisfor317/Workspace/mecaro/_interview/cpp-test-ros/sensor/src/client.cpp:32:3:[m[K [01;31m[Kerror: [m[Konly declarations of constructors and conversion operators can be ‘[01m[Kexplicit[m[K’
   32 |   [01;31m[Kexplicit[m[K SensorSubscriber(std::string node_name) : Node(node_name) {
      |   [01;31m[K^~~~~~~~[m[K
[01m[K/home/borisfor317/Workspace/mecaro/_interview/cpp-test-ros/sensor/src/client.cpp:41:3:[m[K [01;31m[Kerror: [m[Kneed ‘[01m[Ktypename[m[K’ before ‘[01m[Krclcpp::Subscription<TMessage>::SharedPtr[m[K’ because ‘[01m[Krclcpp::Subscription<TMessage>[m[K’ is a dependent scope
   41 |   [01;31m[Krclcpp[m[K::Subscription<TMessage>::SharedPtr subscription_;
      |   [01;31m[K^~~~~~[m[K
      |   [32m[Ktypename [m[K
[01m[K/home/borisfor317/Workspace/mecaro/_interview/cpp-test-ros/sensor/src/client.cpp:[m[K In member function ‘[01m[Kint SensorRosReader<TMessage>::SensorSubscriber(std::string)[m[K’:
[01m[K/home/borisfor317/Workspace/mecaro/_interview/cpp-test-ros/sensor/src/client.cpp:32:54:[m[K [01;31m[Kerror: [m[Konly constructors take member initializers
   32 |   explicit SensorSubscriber(std::string node_name) : [01;31m[KNode[m[K(node_name) {
      |                                                      [01;31m[K^~~~[m[K
[01m[K/home/borisfor317/Workspace/mecaro/_interview/cpp-test-ros/sensor/src/client.cpp:33:5:[m[K [01;31m[Kerror: [m[K‘[01m[Ksubscription_[m[K’ was not declared in this scope; did you mean ‘[01m[Krcl_subscription_t[m[K’?
   33 |     [01;31m[Ksubscription_[m[K = create_subscription<TMessage>(
      |     [01;31m[K^~~~~~~~~~~~~[m[K
      |     [32m[Krcl_subscription_t[m[K
[01m[K/home/borisfor317/Workspace/mecaro/_interview/cpp-test-ros/sensor/src/client.cpp:35:64:[m[K [01;31m[Kerror: [m[Kexpected ‘[01m[K)[m[K’ before ‘[01m[K;[m[K’ token
   35 |         std::bind(&SensorRosReader::reading_callback, this, _1)[01;31m[K;[m[K);
      |                                                                [01;31m[K^[m[K
      |                                                                [32m[K)[m[K
[01m[K/home/borisfor317/Workspace/mecaro/_interview/cpp-test-ros/sensor/src/client.cpp:33:50:[m[K [01;36m[Knote: [m[Kto match this ‘[01m[K([m[K’
   33 |     subscription_ = create_subscription<TMessage>[01;36m[K([m[K
      |                                                  [01;36m[K^[m[K
[01m[K/home/borisfor317/Workspace/mecaro/_interview/cpp-test-ros/sensor/src/client.cpp:35:65:[m[K [01;31m[Kerror: [m[Kexpected primary-expression before ‘[01m[K)[m[K’ token
   35 |         std::bind(&SensorRosReader::reading_callback, this, _1);[01;31m[K)[m[K;
      |                                                                 [01;31m[K^[m[K
[01m[K/home/borisfor317/Workspace/mecaro/_interview/cpp-test-ros/sensor/src/client.cpp:36:3:[m[K [01;35m[Kwarning: [m[Kno return statement in function returning non-void [[01;35m[K-Wreturn-type[m[K]
   36 |   [01;35m[K}[m[K
      |   [01;35m[K^[m[K
/home/borisfor317/Workspace/mecaro/_interview/cpp-test-ros/sensor/src/client.cpp: In instantiation of ‘[01m[Kclass SensorRosReader<sensor_msgs::msg::Temperature_<std::allocator<void> > >[m[K’:
[01m[K/usr/include/c++/9/type_traits:1313:45:[m[K   required by substitution of ‘[01m[Ktemplate<class _From1, class _To1, class> static std::true_type std::__is_convertible_helper<SensorRosReader<sensor_msgs::msg::Temperature_<std::allocator<void> > >*, rclcpp::Node*, false>::__test<_From1, _To1, <template-parameter-1-3> >(int) [with _From1 = SensorRosReader<sensor_msgs::msg::Temperature_<std::allocator<void> > >*; _To1 = rclcpp::Node*; <template-parameter-1-3> = <missing>][m[K’
[01m[K/usr/include/c++/9/type_traits:1322:42:[m[K   required from ‘[01m[Kstruct std::__is_convertible_helper<SensorRosReader<sensor_msgs::msg::Temperature_<std::allocator<void> > >*, rclcpp::Node*, false>[m[K’
[01m[K/usr/include/c++/9/type_traits:1328:12:[m[K   required from ‘[01m[Kstruct std::is_convertible<SensorRosReader<sensor_msgs::msg::Temperature_<std::allocator<void> > >*, rclcpp::Node*>[m[K’
[01m[K/usr/include/c++/9/bits/shared_ptr_base.h:927:12:[m[K   required from ‘[01m[Kstruct std::__sp_compatible_with<SensorRosReader<sensor_msgs::msg::Temperature_<std::allocator<void> > >*, rclcpp::Node*>[m[K’
[01m[K/usr/include/c++/9/bits/shared_ptr_base.h:1094:8:[m[K   required by substitution of ‘[01m[Ktemplate<class _Tp, __gnu_cxx::_Lock_policy _Lp> template<class _Yp, class _Res> using _Compatible = typename std::enable_if<std::__sp_compatible_with<_Yp*, _Tp*>::value, _Res>::type [with _Yp = SensorRosReader<sensor_msgs::msg::Temperature_<std::allocator<void> > >; _Res = void; _Tp = rclcpp::Node; __gnu_cxx::_Lock_policy _Lp = __gnu_cxx::_S_atomic][m[K’
[01m[K/usr/include/c++/9/bits/shared_ptr_base.h:1171:30:[m[K   required by substitution of ‘[01m[Ktemplate<class _Yp, class> std::__shared_ptr<rclcpp::Node, __gnu_cxx::_S_atomic>::__shared_ptr(const std::__shared_ptr<_Tp>&) [with _Yp = SensorRosReader<sensor_msgs::msg::Temperature_<std::allocator<void> > >; <template-parameter-1-2> = <missing>][m[K’
[01m[K/usr/include/c++/9/type_traits:883:12:[m[K   required from ‘[01m[Kstruct std::is_constructible<std::__shared_ptr<rclcpp::Node, __gnu_cxx::_S_atomic>, const std::shared_ptr<SensorRosReader<sensor_msgs::msg::Temperature_<std::allocator<void> > > >&>[m[K’
[01m[K/usr/include/c++/9/bits/shared_ptr.h:106:8:[m[K   required by substitution of ‘[01m[Ktemplate<class _Tp> template<class ... _Args> using _Constructible = typename std::enable_if<std::is_constructible<std::__shared_ptr<_Tp>, _Args ...>::value>::type [with _Args = {const std::shared_ptr<SensorRosReader<sensor_msgs::msg::Temperature_<std::allocator<void> > > >&}; _Tp = rclcpp::Node][m[K’
[01m[K/usr/include/c++/9/bits/shared_ptr.h:245:9:[m[K   required by substitution of ‘[01m[Ktemplate<class _Yp, class> std::shared_ptr<rclcpp::Node>::shared_ptr(const std::shared_ptr<_Tp>&) [with _Yp = SensorRosReader<sensor_msgs::msg::Temperature_<std::allocator<void> > >; <template-parameter-1-2> = <missing>][m[K’
[01m[K/home/borisfor317/Workspace/mecaro/_interview/cpp-test-ros/sensor/src/client.cpp:52:76:[m[K   required from here
[01m[K/home/borisfor317/Workspace/mecaro/_interview/cpp-test-ros/sensor/src/client.cpp:38:12:[m[K [01;31m[Kerror: [m[K‘[01m[KTMessage SensorRosReader<TMessage>::read() [with TMessage = sensor_msgs::msg::Temperature_<std::allocator<void> >][m[K’ marked ‘[01m[Koverride[m[K’, but does not override
   38 |   TMessage [01;31m[Kread[m[K() override { return latest_; }
      |            [01;31m[K^~~~[m[K
In file included from [01m[K/usr/include/x86_64-linux-gnu/c++/9/bits/c++allocator.h:33[m[K,
                 from [01m[K/usr/include/c++/9/bits/allocator.h:46[m[K,
                 from [01m[K/usr/include/c++/9/memory:63[m[K,
                 from [01m[K/home/borisfor317/Workspace/mecaro/_interview/cpp-test-ros/sensor/src/client.cpp:1[m[K:
/usr/include/c++/9/ext/new_allocator.h: In instantiation of ‘[01m[Kvoid __gnu_cxx::new_allocator<_Tp>::construct(_Up*, _Args&& ...) [with _Up = SensorRosReader<sensor_msgs::msg::Temperature_<std::allocator<void> > >; _Args = {const char (&)[19]}; _Tp = SensorRosReader<sensor_msgs::msg::Temperature_<std::allocator<void> > >][m[K’:
[01m[K/usr/include/c++/9/bits/alloc_traits.h:483:4:[m[K   required from ‘[01m[Kstatic void std::allocator_traits<std::allocator<_Tp1> >::construct(std::allocator_traits<std::allocator<_Tp1> >::allocator_type&, _Up*, _Args&& ...) [with _Up = SensorRosReader<sensor_msgs::msg::Temperature_<std::allocator<void> > >; _Args = {const char (&)[19]}; _Tp = SensorRosReader<sensor_msgs::msg::Temperature_<std::allocator<void> > >; std::allocator_traits<std::allocator<_Tp1> >::allocator_type = std::allocator<SensorRosReader<sensor_msgs::msg::Temperature_<std::allocator<void> > > >][m[K’
[01m[K/usr/include/c++/9/bits/shared_ptr_base.h:548:39:[m[K   required from ‘[01m[Kstd::_Sp_counted_ptr_inplace<_Tp, _Alloc, _Lp>::_Sp_counted_ptr_inplace(_Alloc, _Args&& ...) [with _Args = {const char (&)[19]}; _Tp = SensorRosReader<sensor_msgs::msg::Temperature_<std::allocator<void> > >; _Alloc = std::allocator<SensorRosReader<sensor_msgs::msg::Temperature_<std::allocator<void> > > >; __gnu_cxx::_Lock_policy _Lp = __gnu_cxx::_S_atomic][m[K’
[01m[K/usr/include/c++/9/bits/shared_ptr_base.h:679:16:[m[K   required from ‘[01m[Kstd::__shared_count<_Lp>::__shared_count(_Tp*&, std::_Sp_alloc_shared_tag<_Alloc>, _Args&& ...) [with _Tp = SensorRosReader<sensor_msgs::msg::Temperature_<std::allocator<void> > >; _Alloc = std::allocator<SensorRosReader<sensor_msgs::msg::Temperature_<std::allocator<void> > > >; _Args = {const char (&)[19]}; __gnu_cxx::_Lock_policy _Lp = __gnu_cxx::_S_atomic][m[K’
[01m[K/usr/include/c++/9/bits/shared_ptr_base.h:1344:71:[m[K   required from ‘[01m[Kstd::__shared_ptr<_Tp, _Lp>::__shared_ptr(std::_Sp_alloc_shared_tag<_Tp>, _Args&& ...) [with _Alloc = std::allocator<SensorRosReader<sensor_msgs::msg::Temperature_<std::allocator<void> > > >; _Args = {const char (&)[19]}; _Tp = SensorRosReader<sensor_msgs::msg::Temperature_<std::allocator<void> > >; __gnu_cxx::_Lock_policy _Lp = __gnu_cxx::_S_atomic][m[K’
[01m[K/usr/include/c++/9/bits/shared_ptr.h:359:59:[m[K   required from ‘[01m[Kstd::shared_ptr<_Tp>::shared_ptr(std::_Sp_alloc_shared_tag<_Tp>, _Args&& ...) [with _Alloc = std::allocator<SensorRosReader<sensor_msgs::msg::Temperature_<std::allocator<void> > > >; _Args = {const char (&)[19]}; _Tp = SensorRosReader<sensor_msgs::msg::Temperature_<std::allocator<void> > >][m[K’
[01m[K/usr/include/c++/9/bits/shared_ptr.h:701:14:[m[K   required from ‘[01m[Kstd::shared_ptr<_Tp> std::allocate_shared(const _Alloc&, _Args&& ...) [with _Tp = SensorRosReader<sensor_msgs::msg::Temperature_<std::allocator<void> > >; _Alloc = std::allocator<SensorRosReader<sensor_msgs::msg::Temperature_<std::allocator<void> > > >; _Args = {const char (&)[19]}][m[K’
[01m[K/usr/include/c++/9/bits/shared_ptr.h:717:39:[m[K   required from ‘[01m[Kstd::shared_ptr<_Tp> std::make_shared(_Args&& ...) [with _Tp = SensorRosReader<sensor_msgs::msg::Temperature_<std::allocator<void> > >; _Args = {const char (&)[19]}][m[K’
[01m[K/home/borisfor317/Workspace/mecaro/_interview/cpp-test-ros/sensor/src/client.cpp:52:75:[m[K   required from here
[01m[K/usr/include/c++/9/ext/new_allocator.h:146:4:[m[K [01;31m[Kerror: [m[Kno matching function for call to ‘[01m[KSensorRosReader<sensor_msgs::msg::Temperature_<std::allocator<void> > >::SensorRosReader(const char [19])[m[K’
  146 |  { [01;31m[K::new((void *)__p) _Up(std::forward<_Args>(__args)...)[m[K; }
      |    [01;31m[K^~~~~~~~~~~~~~~~~~~~~~~~~~~~~~~~~~~~~~~~~~~~~~~~~~~~~~[m[K
[01m[K/home/borisfor317/Workspace/mecaro/_interview/cpp-test-ros/sensor/src/client.cpp:30:7:[m[K [01;36m[Knote: [m[Kcandidate: ‘[01m[KSensorRosReader<sensor_msgs::msg::Temperature_<std::allocator<void> > >::SensorRosReader()[m[K’ <deleted>
   30 | class [01;36m[KSensorRosReader[m[K : public rclcpp::Node, public ISensor {
      |       [01;36m[K^~~~~~~~~~~~~~~[m[K
[01m[K/home/borisfor317/Workspace/mecaro/_interview/cpp-test-ros/sensor/src/client.cpp:30:7:[m[K [01;36m[Knote: [m[K  candidate expects 0 arguments, 1 provided
[01m[K/home/borisfor317/Workspace/mecaro/_interview/cpp-test-ros/sensor/src/client.cpp:30:7:[m[K [01;36m[Knote: [m[Kcandidate: ‘[01m[KSensorRosReader<sensor_msgs::msg::Temperature_<std::allocator<void> > >::SensorRosReader(const SensorRosReader<sensor_msgs::msg::Temperature_<std::allocator<void> > >&)[m[K’ <deleted>
[01m[K/home/borisfor317/Workspace/mecaro/_interview/cpp-test-ros/sensor/src/client.cpp:30:7:[m[K [01;36m[Knote: [m[K  no known conversion for argument 1 from ‘[01m[Kconst char [19][m[K’ to ‘[01m[Kconst SensorRosReader<sensor_msgs::msg::Temperature_<std::allocator<void> > >&[m[K’
[01m[K/home/borisfor317/Workspace/mecaro/_interview/cpp-test-ros/sensor/src/client.cpp:30:7:[m[K [01;36m[Knote: [m[Kcandidate: ‘[01m[KSensorRosReader<sensor_msgs::msg::Temperature_<std::allocator<void> > >::SensorRosReader(SensorRosReader<sensor_msgs::msg::Temperature_<std::allocator<void> > >&&)[m[K’ <deleted>
[01m[K/home/borisfor317/Workspace/mecaro/_interview/cpp-test-ros/sensor/src/client.cpp:30:7:[m[K [01;36m[Knote: [m[K  no known conversion for argument 1 from ‘[01m[Kconst char [19][m[K’ to ‘[01m[KSensorRosReader<sensor_msgs::msg::Temperature_<std::allocator<void> > >&&[m[K’
make[2]: *** [CMakeFiles/client.dir/build.make:63: CMakeFiles/client.dir/src/client.cpp.o] Error 1
make[1]: *** [CMakeFiles/Makefile2:107: CMakeFiles/client.dir/all] Error 2
make[1]: *** Waiting for unfinished jobs....
[ 75%] [32m[1mLinking CXX executable mock[0m
[ 75%] Built target mock
make: *** [Makefile:141: all] Error 2
