[0.301s] DEBUG:colcon:Command line arguments: ['/usr/local/bin/colcon', 'build', '--packages-select', 'sensor']
[0.302s] DEBUG:colcon:Parsed command line arguments: Namespace(ament_cmake_args=None, base_paths=['.'], build_base='build', catkin_cmake_args=None, catkin_skip_building_tests=False, cmake_args=None, cmake_clean_cache=False, cmake_clean_first=False, cmake_force_configure=False, cmake_target=None, cmake_target_skip_unavailable=False, continue_on_error=False, event_handlers=None, executor='parallel', ignore_user_meta=False, install_base='install', log_base=None, log_level=None, main=<bound method BuildVerb.main of <colcon_core.verb.build.BuildVerb object at 0x7f82cebb0370>>, merge_install=False, metas=['./colcon.meta'], packages_above=None, packages_above_and_dependencies=None, packages_above_depth=None, packages_end=None, packages_ignore=None, packages_ignore_regex=None, packages_select=['sensor'], packages_select_build_failed=False, packages_select_by_dep=None, packages_select_regex=None, packages_select_test_failures=False, packages_skip=None, packages_skip_build_finished=False, packages_skip_by_dep=None, packages_skip_regex=None, packages_skip_test_passed=False, packages_skip_up_to=None, packages_start=None, packages_up_to=None, packages_up_to_regex=None, parallel_workers=12, paths=None, symlink_install=False, test_result_base=None, verb_extension=<colcon_core.verb.build.BuildVerb object at 0x7f82cebb0370>, verb_name='build', verb_parser=<colcon_defaults.argument_parser.defaults.DefaultArgumentsDecorator object at 0x7f82cebb08b0>)
[0.322s] Level 1:colcon.colcon_core.package_discovery:discover_packages(colcon_meta) check parameters
[0.322s] Level 1:colcon.colcon_core.package_discovery:discover_packages(recursive) check parameters
[0.322s] Level 1:colcon.colcon_core.package_discovery:discover_packages(ignore) check parameters
[0.322s] Level 1:colcon.colcon_core.package_discovery:discover_packages(path) check parameters
[0.322s] Level 1:colcon.colcon_core.package_discovery:discover_packages(colcon_meta) discover
[0.323s] Level 1:colcon.colcon_core.package_discovery:discover_packages(recursive) discover
[0.323s] INFO:colcon.colcon_core.package_discovery:Crawling recursively for packages in '/home/borisfor317/Workspace/mecaro/_interview/cpp-test-ros'
[0.323s] Level 1:colcon.colcon_core.package_identification:_identify(.) by extensions ['ignore', 'ignore_ament_install']
[0.323s] Level 1:colcon.colcon_core.package_identification:_identify(.) by extension 'ignore'
[0.323s] Level 1:colcon.colcon_core.package_identification:_identify(.) by extension 'ignore_ament_install'
[0.323s] Level 1:colcon.colcon_core.package_identification:_identify(.) by extensions ['colcon_pkg']
[0.323s] Level 1:colcon.colcon_core.package_identification:_identify(.) by extension 'colcon_pkg'
[0.323s] Level 1:colcon.colcon_core.package_identification:_identify(.) by extensions ['colcon_meta']
[0.323s] Level 1:colcon.colcon_core.package_identification:_identify(.) by extension 'colcon_meta'
[0.323s] Level 1:colcon.colcon_core.package_identification:_identify(.) by extensions ['ros']
[0.323s] Level 1:colcon.colcon_core.package_identification:_identify(.) by extension 'ros'
[0.330s] Level 1:colcon.colcon_core.package_identification:_identify(.) by extensions ['cmake', 'python']
[0.330s] Level 1:colcon.colcon_core.package_identification:_identify(.) by extension 'cmake'
[0.330s] Level 1:colcon.colcon_core.package_identification:_identify(.) by extension 'python'
[0.330s] Level 1:colcon.colcon_core.package_identification:_identify(.) by extensions ['python_setup_py']
[0.330s] Level 1:colcon.colcon_core.package_identification:_identify(.) by extension 'python_setup_py'
[0.330s] Level 1:colcon.colcon_core.package_identification:_identify(build) by extensions ['ignore', 'ignore_ament_install']
[0.330s] Level 1:colcon.colcon_core.package_identification:_identify(build) by extension 'ignore'
[0.331s] Level 1:colcon.colcon_core.package_identification:_identify(build) ignored
[0.331s] Level 1:colcon.colcon_core.package_identification:_identify(install) by extensions ['ignore', 'ignore_ament_install']
[0.331s] Level 1:colcon.colcon_core.package_identification:_identify(install) by extension 'ignore'
[0.331s] Level 1:colcon.colcon_core.package_identification:_identify(install) ignored
[0.331s] Level 1:colcon.colcon_core.package_identification:_identify(log) by extensions ['ignore', 'ignore_ament_install']
[0.331s] Level 1:colcon.colcon_core.package_identification:_identify(log) by extension 'ignore'
[0.331s] Level 1:colcon.colcon_core.package_identification:_identify(log) ignored
[0.331s] Level 1:colcon.colcon_core.package_identification:_identify(sensor) by extensions ['ignore', 'ignore_ament_install']
[0.331s] Level 1:colcon.colcon_core.package_identification:_identify(sensor) by extension 'ignore'
[0.331s] Level 1:colcon.colcon_core.package_identification:_identify(sensor) by extension 'ignore_ament_install'
[0.331s] Level 1:colcon.colcon_core.package_identification:_identify(sensor) by extensions ['colcon_pkg']
[0.331s] Level 1:colcon.colcon_core.package_identification:_identify(sensor) by extension 'colcon_pkg'
[0.331s] Level 1:colcon.colcon_core.package_identification:_identify(sensor) by extensions ['colcon_meta']
[0.331s] Level 1:colcon.colcon_core.package_identification:_identify(sensor) by extension 'colcon_meta'
[0.331s] Level 1:colcon.colcon_core.package_identification:_identify(sensor) by extensions ['ros']
[0.331s] Level 1:colcon.colcon_core.package_identification:_identify(sensor) by extension 'ros'
[0.333s] DEBUG:colcon.colcon_core.package_identification:Package 'sensor' with type 'ros.ament_cmake' and name 'sensor'
[0.333s] Level 1:colcon.colcon_core.package_discovery:discover_packages(recursive) using defaults
[0.333s] Level 1:colcon.colcon_core.package_discovery:discover_packages(ignore) discover
[0.333s] Level 1:colcon.colcon_core.package_discovery:discover_packages(ignore) using defaults
[0.333s] Level 1:colcon.colcon_core.package_discovery:discover_packages(path) discover
[0.333s] Level 1:colcon.colcon_core.package_discovery:discover_packages(path) using defaults
[0.358s] Level 5:colcon.colcon_core.verb:set package 'sensor' build argument 'cmake_args' from command line to 'None'
[0.358s] Level 5:colcon.colcon_core.verb:set package 'sensor' build argument 'cmake_target' from command line to 'None'
[0.358s] Level 5:colcon.colcon_core.verb:set package 'sensor' build argument 'cmake_target_skip_unavailable' from command line to 'False'
[0.358s] Level 5:colcon.colcon_core.verb:set package 'sensor' build argument 'cmake_clean_cache' from command line to 'False'
[0.358s] Level 5:colcon.colcon_core.verb:set package 'sensor' build argument 'cmake_clean_first' from command line to 'False'
[0.358s] Level 5:colcon.colcon_core.verb:set package 'sensor' build argument 'cmake_force_configure' from command line to 'False'
[0.358s] Level 5:colcon.colcon_core.verb:set package 'sensor' build argument 'ament_cmake_args' from command line to 'None'
[0.358s] Level 5:colcon.colcon_core.verb:set package 'sensor' build argument 'catkin_cmake_args' from command line to 'None'
[0.358s] Level 5:colcon.colcon_core.verb:set package 'sensor' build argument 'catkin_skip_building_tests' from command line to 'False'
[0.358s] DEBUG:colcon.colcon_core.verb:Building package 'sensor' with the following arguments: {'ament_cmake_args': None, 'build_base': '/home/borisfor317/Workspace/mecaro/_interview/cpp-test-ros/build/sensor', 'catkin_cmake_args': None, 'catkin_skip_building_tests': False, 'cmake_args': None, 'cmake_clean_cache': False, 'cmake_clean_first': False, 'cmake_force_configure': False, 'cmake_target': None, 'cmake_target_skip_unavailable': False, 'install_base': '/home/borisfor317/Workspace/mecaro/_interview/cpp-test-ros/install/sensor', 'merge_install': False, 'path': '/home/borisfor317/Workspace/mecaro/_interview/cpp-test-ros/sensor', 'symlink_install': False, 'test_result_base': None}
[0.359s] INFO:colcon.colcon_core.executor:Executing jobs using 'parallel' executor
[0.368s] DEBUG:colcon.colcon_parallel_executor.executor.parallel:run_until_complete
[0.368s] INFO:colcon.colcon_ros.task.ament_cmake.build:Building ROS package in '/home/borisfor317/Workspace/mecaro/_interview/cpp-test-ros/sensor' with build type 'ament_cmake'
[0.368s] INFO:colcon.colcon_cmake.task.cmake.build:Building CMake package in '/home/borisfor317/Workspace/mecaro/_interview/cpp-test-ros/sensor'
[0.374s] INFO:colcon.colcon_core.plugin_system:Skipping extension 'colcon_core.shell.bat': Not used on non-Windows systems
[0.374s] INFO:colcon.colcon_core.shell:Skip shell extension 'powershell' for command environment: Not usable outside of PowerShell
[0.374s] DEBUG:colcon.colcon_core.shell:Skip shell extension 'dsv' for command environment
[0.391s] DEBUG:colcon.colcon_core.event_handler.log_command:Invoking command in '/home/borisfor317/Workspace/mecaro/_interview/cpp-test-ros/build/sensor': CMAKE_PREFIX_PATH=${CMAKE_PREFIX_PATH}:/opt/ros/foxy /usr/bin/cmake --build /home/borisfor317/Workspace/mecaro/_interview/cpp-test-ros/build/sensor -- -j12 -l12
[0.930s] DEBUG:colcon.colcon_core.event_handler.log_command:Invoked command in '/home/borisfor317/Workspace/mecaro/_interview/cpp-test-ros/build/sensor' returned '2': CMAKE_PREFIX_PATH=${CMAKE_PREFIX_PATH}:/opt/ros/foxy /usr/bin/cmake --build /home/borisfor317/Workspace/mecaro/_interview/cpp-test-ros/build/sensor -- -j12 -l12
[0.946s] Level 1:colcon.colcon_core.environment:create_environment_scripts_only(sensor)
[0.952s] Level 1:colcon.colcon_core.environment:checking '/home/borisfor317/Workspace/mecaro/_interview/cpp-test-ros/install/sensor' for CMake module files
[0.952s] Level 1:colcon.colcon_core.environment:checking '/home/borisfor317/Workspace/mecaro/_interview/cpp-test-ros/install/sensor' for CMake config files
[0.952s] Level 1:colcon.colcon_core.shell:create_environment_hook('sensor', 'cmake_prefix_path')
[0.955s] INFO:colcon.colcon_core.shell:Creating environment hook '/home/borisfor317/Workspace/mecaro/_interview/cpp-test-ros/install/sensor/share/sensor/hook/cmake_prefix_path.ps1'
[0.956s] INFO:colcon.colcon_core.shell:Creating environment descriptor '/home/borisfor317/Workspace/mecaro/_interview/cpp-test-ros/install/sensor/share/sensor/hook/cmake_prefix_path.dsv'
[0.956s] INFO:colcon.colcon_core.shell:Creating environment hook '/home/borisfor317/Workspace/mecaro/_interview/cpp-test-ros/install/sensor/share/sensor/hook/cmake_prefix_path.sh'
[0.957s] Level 1:colcon.colcon_core.environment:checking '/home/borisfor317/Workspace/mecaro/_interview/cpp-test-ros/install/sensor/lib'
[0.957s] Level 1:colcon.colcon_core.environment:checking '/home/borisfor317/Workspace/mecaro/_interview/cpp-test-ros/install/sensor/bin'
[0.957s] Level 1:colcon.colcon_core.environment:checking '/home/borisfor317/Workspace/mecaro/_interview/cpp-test-ros/install/sensor/lib/pkgconfig/sensor.pc'
[0.958s] Level 1:colcon.colcon_core.environment:checking '/home/borisfor317/Workspace/mecaro/_interview/cpp-test-ros/install/sensor/lib/python3.8/site-packages'
[0.958s] Level 1:colcon.colcon_core.environment:checking '/home/borisfor317/Workspace/mecaro/_interview/cpp-test-ros/install/sensor/bin'
[0.961s] INFO:colcon.colcon_core.shell:Creating package script '/home/borisfor317/Workspace/mecaro/_interview/cpp-test-ros/install/sensor/share/sensor/package.ps1'
[0.962s] INFO:colcon.colcon_core.shell:Creating package descriptor '/home/borisfor317/Workspace/mecaro/_interview/cpp-test-ros/install/sensor/share/sensor/package.dsv'
[0.962s] INFO:colcon.colcon_core.shell:Creating package script '/home/borisfor317/Workspace/mecaro/_interview/cpp-test-ros/install/sensor/share/sensor/package.sh'
[0.962s] INFO:colcon.colcon_core.shell:Creating package script '/home/borisfor317/Workspace/mecaro/_interview/cpp-test-ros/install/sensor/share/sensor/package.bash'
[0.963s] INFO:colcon.colcon_core.shell:Creating package script '/home/borisfor317/Workspace/mecaro/_interview/cpp-test-ros/install/sensor/share/sensor/package.zsh'
[0.963s] Level 1:colcon.colcon_core.environment:create_file_with_runtime_dependencies(/home/borisfor317/Workspace/mecaro/_interview/cpp-test-ros/install/sensor/share/colcon-core/packages/sensor)
[0.974s] DEBUG:colcon.colcon_parallel_executor.executor.parallel:closing loop
[0.974s] DEBUG:colcon.colcon_parallel_executor.executor.parallel:loop closed
[0.974s] DEBUG:colcon.colcon_parallel_executor.executor.parallel:run_until_complete finished with '2'
[0.974s] DEBUG:colcon.colcon_core.event_reactor:joining thread
[0.981s] INFO:colcon.colcon_core.plugin_system:Skipping extension 'colcon_notification.desktop_notification.notify_send': Could not find 'notify-send'
[0.982s] INFO:colcon.colcon_core.plugin_system:Skipping extension 'colcon_notification.desktop_notification.terminal_notifier': Not used on non-Darwin systems
[0.982s] INFO:colcon.colcon_core.plugin_system:Skipping extension 'colcon_notification.desktop_notification.win32': Not used on non-Windows systems
[0.982s] INFO:colcon.colcon_notification.desktop_notification:Sending desktop notification using 'notify2'
[0.999s] DEBUG:colcon.colcon_core.event_reactor:joined thread
[1.003s] INFO:colcon.colcon_core.shell:Creating prefix script '/home/borisfor317/Workspace/mecaro/_interview/cpp-test-ros/install/local_setup.ps1'
[1.004s] INFO:colcon.colcon_core.shell:Creating prefix util module '/home/borisfor317/Workspace/mecaro/_interview/cpp-test-ros/install/_local_setup_util_ps1.py'
[1.004s] INFO:colcon.colcon_core.shell:Creating prefix chain script '/home/borisfor317/Workspace/mecaro/_interview/cpp-test-ros/install/setup.ps1'
[1.008s] INFO:colcon.colcon_core.shell:Creating prefix script '/home/borisfor317/Workspace/mecaro/_interview/cpp-test-ros/install/local_setup.sh'
[1.008s] INFO:colcon.colcon_core.shell:Creating prefix util module '/home/borisfor317/Workspace/mecaro/_interview/cpp-test-ros/install/_local_setup_util_sh.py'
[1.008s] INFO:colcon.colcon_core.shell:Creating prefix chain script '/home/borisfor317/Workspace/mecaro/_interview/cpp-test-ros/install/setup.sh'
[1.012s] INFO:colcon.colcon_core.shell:Creating prefix script '/home/borisfor317/Workspace/mecaro/_interview/cpp-test-ros/install/local_setup.bash'
[1.012s] INFO:colcon.colcon_core.shell:Creating prefix chain script '/home/borisfor317/Workspace/mecaro/_interview/cpp-test-ros/install/setup.bash'
[1.016s] INFO:colcon.colcon_core.shell:Creating prefix script '/home/borisfor317/Workspace/mecaro/_interview/cpp-test-ros/install/local_setup.zsh'
[1.016s] INFO:colcon.colcon_core.shell:Creating prefix chain script '/home/borisfor317/Workspace/mecaro/_interview/cpp-test-ros/install/setup.zsh'
