[0.294s] DEBUG:colcon:Command line arguments: ['/usr/local/bin/colcon', 'build', '--packages-select', 'sensor']
[0.294s] DEBUG:colcon:Parsed command line arguments: Namespace(ament_cmake_args=None, base_paths=['.'], build_base='build', catkin_cmake_args=None, catkin_skip_building_tests=False, cmake_args=None, cmake_clean_cache=False, cmake_clean_first=False, cmake_force_configure=False, cmake_target=None, cmake_target_skip_unavailable=False, continue_on_error=False, event_handlers=None, executor='parallel', ignore_user_meta=False, install_base='install', log_base=None, log_level=None, main=<bound method BuildVerb.main of <colcon_core.verb.build.BuildVerb object at 0x7f0633c2a520>>, merge_install=False, metas=['./colcon.meta'], packages_above=None, packages_above_and_dependencies=None, packages_above_depth=None, packages_end=None, packages_ignore=None, packages_ignore_regex=None, packages_select=['sensor'], packages_select_build_failed=False, packages_select_by_dep=None, packages_select_regex=None, packages_select_test_failures=False, packages_skip=None, packages_skip_build_finished=False, packages_skip_by_dep=None, packages_skip_regex=None, packages_skip_test_passed=False, packages_skip_up_to=None, packages_start=None, packages_up_to=None, packages_up_to_regex=None, parallel_workers=12, paths=None, symlink_install=False, test_result_base=None, verb_extension=<colcon_core.verb.build.BuildVerb object at 0x7f0633c2a520>, verb_name='build', verb_parser=<colcon_defaults.argument_parser.defaults.DefaultArgumentsDecorator object at 0x7f0633c2aa60>)
[0.319s] Level 1:colcon.colcon_core.package_discovery:discover_packages(colcon_meta) check parameters
[0.320s] Level 1:colcon.colcon_core.package_discovery:discover_packages(recursive) check parameters
[0.320s] Level 1:colcon.colcon_core.package_discovery:discover_packages(ignore) check parameters
[0.320s] Level 1:colcon.colcon_core.package_discovery:discover_packages(path) check parameters
[0.320s] Level 1:colcon.colcon_core.package_discovery:discover_packages(colcon_meta) discover
[0.320s] Level 1:colcon.colcon_core.package_discovery:discover_packages(recursive) discover
[0.320s] INFO:colcon.colcon_core.package_discovery:Crawling recursively for packages in '/home/borisfor317/Workspace/mecaro/_interview/cpp-test-ros'
[0.320s] Level 1:colcon.colcon_core.package_identification:_identify(.) by extensions ['ignore', 'ignore_ament_install']
[0.320s] Level 1:colcon.colcon_core.package_identification:_identify(.) by extension 'ignore'
[0.320s] Level 1:colcon.colcon_core.package_identification:_identify(.) by extension 'ignore_ament_install'
[0.320s] Level 1:colcon.colcon_core.package_identification:_identify(.) by extensions ['colcon_pkg']
[0.320s] Level 1:colcon.colcon_core.package_identification:_identify(.) by extension 'colcon_pkg'
[0.320s] Level 1:colcon.colcon_core.package_identification:_identify(.) by extensions ['colcon_meta']
[0.320s] Level 1:colcon.colcon_core.package_identification:_identify(.) by extension 'colcon_meta'
[0.320s] Level 1:colcon.colcon_core.package_identification:_identify(.) by extensions ['ros']
[0.320s] Level 1:colcon.colcon_core.package_identification:_identify(.) by extension 'ros'
[0.330s] Level 1:colcon.colcon_core.package_identification:_identify(.) by extensions ['cmake', 'python']
[0.330s] Level 1:colcon.colcon_core.package_identification:_identify(.) by extension 'cmake'
[0.331s] Level 1:colcon.colcon_core.package_identification:_identify(.) by extension 'python'
[0.331s] Level 1:colcon.colcon_core.package_identification:_identify(.) by extensions ['python_setup_py']
[0.331s] Level 1:colcon.colcon_core.package_identification:_identify(.) by extension 'python_setup_py'
[0.331s] Level 1:colcon.colcon_core.package_identification:_identify(build) by extensions ['ignore', 'ignore_ament_install']
[0.331s] Level 1:colcon.colcon_core.package_identification:_identify(build) by extension 'ignore'
[0.331s] Level 1:colcon.colcon_core.package_identification:_identify(build) ignored
[0.331s] Level 1:colcon.colcon_core.package_identification:_identify(install) by extensions ['ignore', 'ignore_ament_install']
[0.331s] Level 1:colcon.colcon_core.package_identification:_identify(install) by extension 'ignore'
[0.331s] Level 1:colcon.colcon_core.package_identification:_identify(install) ignored
[0.331s] Level 1:colcon.colcon_core.package_identification:_identify(log) by extensions ['ignore', 'ignore_ament_install']
[0.331s] Level 1:colcon.colcon_core.package_identification:_identify(log) by extension 'ignore'
[0.332s] Level 1:colcon.colcon_core.package_identification:_identify(log) ignored
[0.332s] Level 1:colcon.colcon_core.package_identification:_identify(sensor) by extensions ['ignore', 'ignore_ament_install']
[0.332s] Level 1:colcon.colcon_core.package_identification:_identify(sensor) by extension 'ignore'
[0.332s] Level 1:colcon.colcon_core.package_identification:_identify(sensor) by extension 'ignore_ament_install'
[0.332s] Level 1:colcon.colcon_core.package_identification:_identify(sensor) by extensions ['colcon_pkg']
[0.332s] Level 1:colcon.colcon_core.package_identification:_identify(sensor) by extension 'colcon_pkg'
[0.332s] Level 1:colcon.colcon_core.package_identification:_identify(sensor) by extensions ['colcon_meta']
[0.332s] Level 1:colcon.colcon_core.package_identification:_identify(sensor) by extension 'colcon_meta'
[0.332s] Level 1:colcon.colcon_core.package_identification:_identify(sensor) by extensions ['ros']
[0.332s] Level 1:colcon.colcon_core.package_identification:_identify(sensor) by extension 'ros'
[0.334s] DEBUG:colcon.colcon_core.package_identification:Package 'sensor' with type 'ros.ament_cmake' and name 'sensor'
[0.335s] Level 1:colcon.colcon_core.package_discovery:discover_packages(recursive) using defaults
[0.335s] Level 1:colcon.colcon_core.package_discovery:discover_packages(ignore) discover
[0.335s] Level 1:colcon.colcon_core.package_discovery:discover_packages(ignore) using defaults
[0.335s] Level 1:colcon.colcon_core.package_discovery:discover_packages(path) discover
[0.335s] Level 1:colcon.colcon_core.package_discovery:discover_packages(path) using defaults
[0.364s] Level 5:colcon.colcon_core.verb:set package 'sensor' build argument 'cmake_args' from command line to 'None'
[0.364s] Level 5:colcon.colcon_core.verb:set package 'sensor' build argument 'cmake_target' from command line to 'None'
[0.364s] Level 5:colcon.colcon_core.verb:set package 'sensor' build argument 'cmake_target_skip_unavailable' from command line to 'False'
[0.364s] Level 5:colcon.colcon_core.verb:set package 'sensor' build argument 'cmake_clean_cache' from command line to 'False'
[0.364s] Level 5:colcon.colcon_core.verb:set package 'sensor' build argument 'cmake_clean_first' from command line to 'False'
[0.364s] Level 5:colcon.colcon_core.verb:set package 'sensor' build argument 'cmake_force_configure' from command line to 'False'
[0.364s] Level 5:colcon.colcon_core.verb:set package 'sensor' build argument 'ament_cmake_args' from command line to 'None'
[0.364s] Level 5:colcon.colcon_core.verb:set package 'sensor' build argument 'catkin_cmake_args' from command line to 'None'
[0.364s] Level 5:colcon.colcon_core.verb:set package 'sensor' build argument 'catkin_skip_building_tests' from command line to 'False'
[0.364s] DEBUG:colcon.colcon_core.verb:Building package 'sensor' with the following arguments: {'ament_cmake_args': None, 'build_base': '/home/borisfor317/Workspace/mecaro/_interview/cpp-test-ros/build/sensor', 'catkin_cmake_args': None, 'catkin_skip_building_tests': False, 'cmake_args': None, 'cmake_clean_cache': False, 'cmake_clean_first': False, 'cmake_force_configure': False, 'cmake_target': None, 'cmake_target_skip_unavailable': False, 'install_base': '/home/borisfor317/Workspace/mecaro/_interview/cpp-test-ros/install/sensor', 'merge_install': False, 'path': '/home/borisfor317/Workspace/mecaro/_interview/cpp-test-ros/sensor', 'symlink_install': False, 'test_result_base': None}
[0.366s] INFO:colcon.colcon_core.executor:Executing jobs using 'parallel' executor
[0.377s] DEBUG:colcon.colcon_parallel_executor.executor.parallel:run_until_complete
[0.377s] INFO:colcon.colcon_ros.task.ament_cmake.build:Building ROS package in '/home/borisfor317/Workspace/mecaro/_interview/cpp-test-ros/sensor' with build type 'ament_cmake'
[0.377s] INFO:colcon.colcon_cmake.task.cmake.build:Building CMake package in '/home/borisfor317/Workspace/mecaro/_interview/cpp-test-ros/sensor'
[0.383s] INFO:colcon.colcon_core.plugin_system:Skipping extension 'colcon_core.shell.bat': Not used on non-Windows systems
[0.383s] INFO:colcon.colcon_core.shell:Skip shell extension 'powershell' for command environment: Not usable outside of PowerShell
[0.383s] DEBUG:colcon.colcon_core.shell:Skip shell extension 'dsv' for command environment
[0.398s] DEBUG:colcon.colcon_core.event_handler.log_command:Invoking command in '/home/borisfor317/Workspace/mecaro/_interview/cpp-test-ros/build/sensor': CMAKE_PREFIX_PATH=${CMAKE_PREFIX_PATH}:/opt/ros/foxy /usr/bin/cmake --build /home/borisfor317/Workspace/mecaro/_interview/cpp-test-ros/build/sensor -- -j12 -l12
[3.925s] DEBUG:colcon.colcon_core.event_handler.log_command:Invoked command in '/home/borisfor317/Workspace/mecaro/_interview/cpp-test-ros/build/sensor' returned '0': CMAKE_PREFIX_PATH=${CMAKE_PREFIX_PATH}:/opt/ros/foxy /usr/bin/cmake --build /home/borisfor317/Workspace/mecaro/_interview/cpp-test-ros/build/sensor -- -j12 -l12
[3.946s] DEBUG:colcon.colcon_core.event_handler.log_command:Invoking command in '/home/borisfor317/Workspace/mecaro/_interview/cpp-test-ros/build/sensor': CMAKE_PREFIX_PATH=${CMAKE_PREFIX_PATH}:/opt/ros/foxy /usr/bin/cmake --install /home/borisfor317/Workspace/mecaro/_interview/cpp-test-ros/build/sensor
[3.954s] Level 1:colcon.colcon_core.environment:create_environment_scripts_only(sensor)
[3.956s] DEBUG:colcon.colcon_core.event_handler.log_command:Invoked command in '/home/borisfor317/Workspace/mecaro/_interview/cpp-test-ros/build/sensor' returned '0': CMAKE_PREFIX_PATH=${CMAKE_PREFIX_PATH}:/opt/ros/foxy /usr/bin/cmake --install /home/borisfor317/Workspace/mecaro/_interview/cpp-test-ros/build/sensor
[3.960s] Level 1:colcon.colcon_core.environment:checking '/home/borisfor317/Workspace/mecaro/_interview/cpp-test-ros/install/sensor' for CMake module files
[3.961s] Level 1:colcon.colcon_core.environment:checking '/home/borisfor317/Workspace/mecaro/_interview/cpp-test-ros/install/sensor' for CMake config files
[3.961s] Level 1:colcon.colcon_core.shell:create_environment_hook('sensor', 'cmake_prefix_path')
[3.964s] INFO:colcon.colcon_core.shell:Creating environment hook '/home/borisfor317/Workspace/mecaro/_interview/cpp-test-ros/install/sensor/share/sensor/hook/cmake_prefix_path.ps1'
[3.964s] INFO:colcon.colcon_core.shell:Creating environment descriptor '/home/borisfor317/Workspace/mecaro/_interview/cpp-test-ros/install/sensor/share/sensor/hook/cmake_prefix_path.dsv'
[3.965s] INFO:colcon.colcon_core.shell:Creating environment hook '/home/borisfor317/Workspace/mecaro/_interview/cpp-test-ros/install/sensor/share/sensor/hook/cmake_prefix_path.sh'
[3.965s] Level 1:colcon.colcon_core.environment:checking '/home/borisfor317/Workspace/mecaro/_interview/cpp-test-ros/install/sensor/lib'
[3.965s] Level 1:colcon.colcon_core.environment:checking '/home/borisfor317/Workspace/mecaro/_interview/cpp-test-ros/install/sensor/bin'
[3.966s] Level 1:colcon.colcon_core.environment:checking '/home/borisfor317/Workspace/mecaro/_interview/cpp-test-ros/install/sensor/lib/pkgconfig/sensor.pc'
[3.966s] Level 1:colcon.colcon_core.environment:checking '/home/borisfor317/Workspace/mecaro/_interview/cpp-test-ros/install/sensor/lib/python3.8/site-packages'
[3.966s] Level 1:colcon.colcon_core.environment:checking '/home/borisfor317/Workspace/mecaro/_interview/cpp-test-ros/install/sensor/bin'
[3.969s] INFO:colcon.colcon_core.shell:Creating package script '/home/borisfor317/Workspace/mecaro/_interview/cpp-test-ros/install/sensor/share/sensor/package.ps1'
[3.970s] INFO:colcon.colcon_core.shell:Creating package descriptor '/home/borisfor317/Workspace/mecaro/_interview/cpp-test-ros/install/sensor/share/sensor/package.dsv'
[3.970s] INFO:colcon.colcon_core.shell:Creating package script '/home/borisfor317/Workspace/mecaro/_interview/cpp-test-ros/install/sensor/share/sensor/package.sh'
[3.971s] INFO:colcon.colcon_core.shell:Creating package script '/home/borisfor317/Workspace/mecaro/_interview/cpp-test-ros/install/sensor/share/sensor/package.bash'
[3.971s] INFO:colcon.colcon_core.shell:Creating package script '/home/borisfor317/Workspace/mecaro/_interview/cpp-test-ros/install/sensor/share/sensor/package.zsh'
[3.971s] Level 1:colcon.colcon_core.environment:create_file_with_runtime_dependencies(/home/borisfor317/Workspace/mecaro/_interview/cpp-test-ros/install/sensor/share/colcon-core/packages/sensor)
[3.991s] Level 1:colcon.colcon_core.environment:create_environment_scripts_only(sensor)
[3.996s] Level 1:colcon.colcon_core.environment:checking '/home/borisfor317/Workspace/mecaro/_interview/cpp-test-ros/install/sensor' for CMake module files
[3.996s] Level 1:colcon.colcon_core.environment:checking '/home/borisfor317/Workspace/mecaro/_interview/cpp-test-ros/install/sensor' for CMake config files
[3.996s] Level 1:colcon.colcon_core.shell:create_environment_hook('sensor', 'cmake_prefix_path')
[4.000s] INFO:colcon.colcon_core.shell:Creating environment hook '/home/borisfor317/Workspace/mecaro/_interview/cpp-test-ros/install/sensor/share/sensor/hook/cmake_prefix_path.ps1'
[4.000s] INFO:colcon.colcon_core.shell:Creating environment descriptor '/home/borisfor317/Workspace/mecaro/_interview/cpp-test-ros/install/sensor/share/sensor/hook/cmake_prefix_path.dsv'
[4.001s] INFO:colcon.colcon_core.shell:Creating environment hook '/home/borisfor317/Workspace/mecaro/_interview/cpp-test-ros/install/sensor/share/sensor/hook/cmake_prefix_path.sh'
[4.001s] Level 1:colcon.colcon_core.environment:checking '/home/borisfor317/Workspace/mecaro/_interview/cpp-test-ros/install/sensor/lib'
[4.001s] Level 1:colcon.colcon_core.environment:checking '/home/borisfor317/Workspace/mecaro/_interview/cpp-test-ros/install/sensor/bin'
[4.001s] Level 1:colcon.colcon_core.environment:checking '/home/borisfor317/Workspace/mecaro/_interview/cpp-test-ros/install/sensor/lib/pkgconfig/sensor.pc'
[4.001s] Level 1:colcon.colcon_core.environment:checking '/home/borisfor317/Workspace/mecaro/_interview/cpp-test-ros/install/sensor/lib/python3.8/site-packages'
[4.001s] Level 1:colcon.colcon_core.environment:checking '/home/borisfor317/Workspace/mecaro/_interview/cpp-test-ros/install/sensor/bin'
[4.005s] INFO:colcon.colcon_core.shell:Creating package script '/home/borisfor317/Workspace/mecaro/_interview/cpp-test-ros/install/sensor/share/sensor/package.ps1'
[4.005s] INFO:colcon.colcon_core.shell:Creating package descriptor '/home/borisfor317/Workspace/mecaro/_interview/cpp-test-ros/install/sensor/share/sensor/package.dsv'
[4.005s] INFO:colcon.colcon_core.shell:Creating package script '/home/borisfor317/Workspace/mecaro/_interview/cpp-test-ros/install/sensor/share/sensor/package.sh'
[4.005s] INFO:colcon.colcon_core.shell:Creating package script '/home/borisfor317/Workspace/mecaro/_interview/cpp-test-ros/install/sensor/share/sensor/package.bash'
[4.006s] INFO:colcon.colcon_core.shell:Creating package script '/home/borisfor317/Workspace/mecaro/_interview/cpp-test-ros/install/sensor/share/sensor/package.zsh'
[4.007s] Level 1:colcon.colcon_core.environment:create_file_with_runtime_dependencies(/home/borisfor317/Workspace/mecaro/_interview/cpp-test-ros/install/sensor/share/colcon-core/packages/sensor)
[4.007s] DEBUG:colcon.colcon_parallel_executor.executor.parallel:closing loop
[4.007s] DEBUG:colcon.colcon_parallel_executor.executor.parallel:loop closed
[4.007s] DEBUG:colcon.colcon_parallel_executor.executor.parallel:run_until_complete finished with '0'
[4.007s] DEBUG:colcon.colcon_core.event_reactor:joining thread
[4.013s] INFO:colcon.colcon_core.plugin_system:Skipping extension 'colcon_notification.desktop_notification.notify_send': Could not find 'notify-send'
[4.013s] INFO:colcon.colcon_core.plugin_system:Skipping extension 'colcon_notification.desktop_notification.terminal_notifier': Not used on non-Darwin systems
[4.013s] INFO:colcon.colcon_core.plugin_system:Skipping extension 'colcon_notification.desktop_notification.win32': Not used on non-Windows systems
[4.014s] INFO:colcon.colcon_notification.desktop_notification:Sending desktop notification using 'notify2'
[4.028s] DEBUG:colcon.colcon_core.event_reactor:joined thread
[4.034s] INFO:colcon.colcon_core.shell:Creating prefix script '/home/borisfor317/Workspace/mecaro/_interview/cpp-test-ros/install/local_setup.ps1'
[4.035s] INFO:colcon.colcon_core.shell:Creating prefix util module '/home/borisfor317/Workspace/mecaro/_interview/cpp-test-ros/install/_local_setup_util_ps1.py'
[4.036s] INFO:colcon.colcon_core.shell:Creating prefix chain script '/home/borisfor317/Workspace/mecaro/_interview/cpp-test-ros/install/setup.ps1'
[4.042s] INFO:colcon.colcon_core.shell:Creating prefix script '/home/borisfor317/Workspace/mecaro/_interview/cpp-test-ros/install/local_setup.sh'
[4.042s] INFO:colcon.colcon_core.shell:Creating prefix util module '/home/borisfor317/Workspace/mecaro/_interview/cpp-test-ros/install/_local_setup_util_sh.py'
[4.043s] INFO:colcon.colcon_core.shell:Creating prefix chain script '/home/borisfor317/Workspace/mecaro/_interview/cpp-test-ros/install/setup.sh'
[4.047s] INFO:colcon.colcon_core.shell:Creating prefix script '/home/borisfor317/Workspace/mecaro/_interview/cpp-test-ros/install/local_setup.bash'
[4.047s] INFO:colcon.colcon_core.shell:Creating prefix chain script '/home/borisfor317/Workspace/mecaro/_interview/cpp-test-ros/install/setup.bash'
[4.052s] INFO:colcon.colcon_core.shell:Creating prefix script '/home/borisfor317/Workspace/mecaro/_interview/cpp-test-ros/install/local_setup.zsh'
[4.052s] INFO:colcon.colcon_core.shell:Creating prefix chain script '/home/borisfor317/Workspace/mecaro/_interview/cpp-test-ros/install/setup.zsh'
