[35m[1mScanning dependencies of target mock[0m
[ 50%] [32mBuilding CXX object CMakeFiles/mock.dir/src/mock.cpp.o[0m
[01m[K/home/borisfor317/Workspace/mecaro/_interview/cpp-test-ros/sensor/src/mock.cpp:23:39:[m[K [01;31m[Kerror: [m[Kexpected class-name before ‘[01m[K{[m[K’ token
   23 | class ConstantSensor : public ISensor [01;31m[K{[m[K
      |                                       [01;31m[K^[m[K
In file included from [01m[K/usr/include/x86_64-linux-gnu/c++/9/bits/c++allocator.h:33[m[K,
                 from [01m[K/usr/include/c++/9/bits/allocator.h:46[m[K,
                 from [01m[K/usr/include/c++/9/string:41[m[K,
                 from [01m[K/usr/include/c++/9/stdexcept:39[m[K,
                 from [01m[K/usr/include/c++/9/array:39[m[K,
                 from [01m[K/usr/include/c++/9/tuple:39[m[K,
                 from [01m[K/usr/include/c++/9/functional:54[m[K,
                 from [01m[K/home/borisfor317/Workspace/mecaro/_interview/cpp-test-ros/sensor/src/mock.cpp:2[m[K:
/usr/include/c++/9/ext/new_allocator.h: In instantiation of ‘[01m[Kvoid __gnu_cxx::new_allocator<_Tp>::construct(_Up*, _Args&& ...) [with _Up = TemperaturePublisher; _Args = {std::shared_ptr<ConstantSensor<sensor_msgs::msg::Temperature_<std::allocator<void> > > >&}; _Tp = TemperaturePublisher][m[K’:
[01m[K/usr/include/c++/9/bits/alloc_traits.h:483:4:[m[K   required from ‘[01m[Kstatic void std::allocator_traits<std::allocator<_CharT> >::construct(std::allocator_traits<std::allocator<_CharT> >::allocator_type&, _Up*, _Args&& ...) [with _Up = TemperaturePublisher; _Args = {std::shared_ptr<ConstantSensor<sensor_msgs::msg::Temperature_<std::allocator<void> > > >&}; _Tp = TemperaturePublisher; std::allocator_traits<std::allocator<_CharT> >::allocator_type = std::allocator<TemperaturePublisher>][m[K’
[01m[K/usr/include/c++/9/bits/shared_ptr_base.h:548:39:[m[K   required from ‘[01m[Kstd::_Sp_counted_ptr_inplace<_Tp, _Alloc, _Lp>::_Sp_counted_ptr_inplace(_Alloc, _Args&& ...) [with _Args = {std::shared_ptr<ConstantSensor<sensor_msgs::msg::Temperature_<std::allocator<void> > > >&}; _Tp = TemperaturePublisher; _Alloc = std::allocator<TemperaturePublisher>; __gnu_cxx::_Lock_policy _Lp = __gnu_cxx::_S_atomic][m[K’
[01m[K/usr/include/c++/9/bits/shared_ptr_base.h:679:16:[m[K   required from ‘[01m[Kstd::__shared_count<_Lp>::__shared_count(_Tp*&, std::_Sp_alloc_shared_tag<_Alloc>, _Args&& ...) [with _Tp = TemperaturePublisher; _Alloc = std::allocator<TemperaturePublisher>; _Args = {std::shared_ptr<ConstantSensor<sensor_msgs::msg::Temperature_<std::allocator<void> > > >&}; __gnu_cxx::_Lock_policy _Lp = __gnu_cxx::_S_atomic][m[K’
[01m[K/usr/include/c++/9/bits/shared_ptr_base.h:1344:71:[m[K   required from ‘[01m[Kstd::__shared_ptr<_Tp, _Lp>::__shared_ptr(std::_Sp_alloc_shared_tag<_Tp>, _Args&& ...) [with _Alloc = std::allocator<TemperaturePublisher>; _Args = {std::shared_ptr<ConstantSensor<sensor_msgs::msg::Temperature_<std::allocator<void> > > >&}; _Tp = TemperaturePublisher; __gnu_cxx::_Lock_policy _Lp = __gnu_cxx::_S_atomic][m[K’
[01m[K/usr/include/c++/9/bits/shared_ptr.h:359:59:[m[K   required from ‘[01m[Kstd::shared_ptr<_Tp>::shared_ptr(std::_Sp_alloc_shared_tag<_Tp>, _Args&& ...) [with _Alloc = std::allocator<TemperaturePublisher>; _Args = {std::shared_ptr<ConstantSensor<sensor_msgs::msg::Temperature_<std::allocator<void> > > >&}; _Tp = TemperaturePublisher][m[K’
[01m[K/usr/include/c++/9/bits/shared_ptr.h:701:14:[m[K   required from ‘[01m[Kstd::shared_ptr<_Tp> std::allocate_shared(const _Alloc&, _Args&& ...) [with _Tp = TemperaturePublisher; _Alloc = std::allocator<TemperaturePublisher>; _Args = {std::shared_ptr<ConstantSensor<sensor_msgs::msg::Temperature_<std::allocator<void> > > >&}][m[K’
[01m[K/usr/include/c++/9/bits/shared_ptr.h:717:39:[m[K   required from ‘[01m[Kstd::shared_ptr<_Tp> std::make_shared(_Args&& ...) [with _Tp = TemperaturePublisher; _Args = {std::shared_ptr<ConstantSensor<sensor_msgs::msg::Temperature_<std::allocator<void> > > >&}][m[K’
[01m[K/home/borisfor317/Workspace/mecaro/_interview/cpp-test-ros/sensor/src/mock.cpp:58:64:[m[K   required from here
[01m[K/usr/include/c++/9/ext/new_allocator.h:146:4:[m[K [01;31m[Kerror: [m[Kno matching function for call to ‘[01m[KTemperaturePublisher::TemperaturePublisher(std::shared_ptr<ConstantSensor<sensor_msgs::msg::Temperature_<std::allocator<void> > > >&)[m[K’
  146 |  { [01;31m[K::new((void *)__p) _Up(std::forward<_Args>(__args)...)[m[K; }
      |    [01;31m[K^~~~~~~~~~~~~~~~~~~~~~~~~~~~~~~~~~~~~~~~~~~~~~~~~~~~~~[m[K
[01m[K/home/borisfor317/Workspace/mecaro/_interview/cpp-test-ros/sensor/src/mock.cpp:36:3:[m[K [01;36m[Knote: [m[Kcandidate: ‘[01m[KTemperaturePublisher::TemperaturePublisher(ISensor<sensor_msgs::msg::Temperature_<std::allocator<void> > >::SharedPtr)[m[K’
   36 |   [01;36m[KTemperaturePublisher[m[K(ISensor<sensor_msgs::msg::Temperature>::SharedPtr sensor)
      |   [01;36m[K^~~~~~~~~~~~~~~~~~~~[m[K
[01m[K/home/borisfor317/Workspace/mecaro/_interview/cpp-test-ros/sensor/src/mock.cpp:36:74:[m[K [01;36m[Knote: [m[K  no known conversion for argument 1 from ‘[01m[Kshared_ptr<[01;32m[KConstantSensor<sensor_msgs::msg::Temperature_<std::allocator<void> > >[m[K>[m[K’ to ‘[01m[Kshared_ptr<[01;32m[KISensor<sensor_msgs::msg::Temperature_<std::allocator<void> > >[m[K>[m[K’
   36 |   TemperaturePublisher([01;36m[KISensor<sensor_msgs::msg::Temperature>::SharedPtr sensor[m[K)
      |                        [01;36m[K~~~~~~~~~~~~~~~~~~~~~~~~~~~~~~~~~~~~~~~~~~~~~~~~~~^~~~~~[m[K
make[2]: *** [CMakeFiles/mock.dir/build.make:63: CMakeFiles/mock.dir/src/mock.cpp.o] Error 1
make[1]: *** [CMakeFiles/Makefile2:78: CMakeFiles/mock.dir/all] Error 2
make: *** [Makefile:141: all] Error 2
