[0.020s] Invoking command in '/home/borisfor317/Workspace/mecaro/_interview/cpp-test-ros/build/sensor': CMAKE_PREFIX_PATH=${CMAKE_PREFIX_PATH}:/opt/ros/foxy /usr/bin/cmake --build /home/borisfor317/Workspace/mecaro/_interview/cpp-test-ros/build/sensor -- -j12 -l12
[0.045s] [35m[1mScanning dependencies of target mock[0m
[0.057s] [ 50%] Built target client
[0.061s] [ 75%] [32mBuilding CXX object CMakeFiles/mock.dir/src/mock.cpp.o[0m
[1.919s] [100%] [32m[1mLinking CXX executable mock[0m
[2.013s] [100%] Built target mock
[2.020s] Invoked command in '/home/borisfor317/Workspace/mecaro/_interview/cpp-test-ros/build/sensor' returned '0': CMAKE_PREFIX_PATH=${CMAKE_PREFIX_PATH}:/opt/ros/foxy /usr/bin/cmake --build /home/borisfor317/Workspace/mecaro/_interview/cpp-test-ros/build/sensor -- -j12 -l12
[2.042s] Invoking command in '/home/borisfor317/Workspace/mecaro/_interview/cpp-test-ros/build/sensor': CMAKE_PREFIX_PATH=${CMAKE_PREFIX_PATH}:/opt/ros/foxy /usr/bin/cmake --install /home/borisfor317/Workspace/mecaro/_interview/cpp-test-ros/build/sensor
[2.047s] -- Install configuration: ""
[2.047s] -- Installing: /home/borisfor317/Workspace/mecaro/_interview/cpp-test-ros/install/sensor/lib/sensor/mock
[2.047s] -- Set runtime path of "/home/borisfor317/Workspace/mecaro/_interview/cpp-test-ros/install/sensor/lib/sensor/mock" to ""
[2.047s] -- Up-to-date: /home/borisfor317/Workspace/mecaro/_interview/cpp-test-ros/install/sensor/lib/sensor/client
[2.048s] -- Up-to-date: /home/borisfor317/Workspace/mecaro/_interview/cpp-test-ros/install/sensor/share/ament_index/resource_index/package_run_dependencies/sensor
[2.048s] -- Up-to-date: /home/borisfor317/Workspace/mecaro/_interview/cpp-test-ros/install/sensor/share/ament_index/resource_index/parent_prefix_path/sensor
[2.048s] -- Up-to-date: /home/borisfor317/Workspace/mecaro/_interview/cpp-test-ros/install/sensor/share/sensor/environment/ament_prefix_path.sh
[2.048s] -- Up-to-date: /home/borisfor317/Workspace/mecaro/_interview/cpp-test-ros/install/sensor/share/sensor/environment/ament_prefix_path.dsv
[2.048s] -- Up-to-date: /home/borisfor317/Workspace/mecaro/_interview/cpp-test-ros/install/sensor/share/sensor/environment/path.sh
[2.048s] -- Up-to-date: /home/borisfor317/Workspace/mecaro/_interview/cpp-test-ros/install/sensor/share/sensor/environment/path.dsv
[2.048s] -- Up-to-date: /home/borisfor317/Workspace/mecaro/_interview/cpp-test-ros/install/sensor/share/sensor/local_setup.bash
[2.048s] -- Up-to-date: /home/borisfor317/Workspace/mecaro/_interview/cpp-test-ros/install/sensor/share/sensor/local_setup.sh
[2.048s] -- Up-to-date: /home/borisfor317/Workspace/mecaro/_interview/cpp-test-ros/install/sensor/share/sensor/local_setup.zsh
[2.048s] -- Up-to-date: /home/borisfor317/Workspace/mecaro/_interview/cpp-test-ros/install/sensor/share/sensor/local_setup.dsv
[2.048s] -- Installing: /home/borisfor317/Workspace/mecaro/_interview/cpp-test-ros/install/sensor/share/sensor/package.dsv
[2.048s] -- Up-to-date: /home/borisfor317/Workspace/mecaro/_interview/cpp-test-ros/install/sensor/share/ament_index/resource_index/packages/sensor
[2.048s] -- Up-to-date: /home/borisfor317/Workspace/mecaro/_interview/cpp-test-ros/install/sensor/share/sensor/cmake/sensorConfig.cmake
[2.048s] -- Up-to-date: /home/borisfor317/Workspace/mecaro/_interview/cpp-test-ros/install/sensor/share/sensor/cmake/sensorConfig-version.cmake
[2.049s] -- Up-to-date: /home/borisfor317/Workspace/mecaro/_interview/cpp-test-ros/install/sensor/share/sensor/package.xml
[2.050s] Invoked command in '/home/borisfor317/Workspace/mecaro/_interview/cpp-test-ros/build/sensor' returned '0': CMAKE_PREFIX_PATH=${CMAKE_PREFIX_PATH}:/opt/ros/foxy /usr/bin/cmake --install /home/borisfor317/Workspace/mecaro/_interview/cpp-test-ros/build/sensor
