[35m[1mScanning dependencies of target mock[0m
[ 50%] [32mBuilding CXX object CMakeFiles/mock.dir/src/mock.cpp.o[0m
[100%] [32m[1mLinking CXX executable mock[0m
[100%] Built target mock
-- Install configuration: ""
-- Installing: /home/borisfor317/Workspace/mecaro/_interview/cpp-test-ros/install/sensor/lib/sensor/mock
-- Set runtime path of "/home/borisfor317/Workspace/mecaro/_interview/cpp-test-ros/install/sensor/lib/sensor/mock" to ""
-- Installing: /home/borisfor317/Workspace/mecaro/_interview/cpp-test-ros/install/sensor/share/ament_index/resource_index/package_run_dependencies/sensor
-- Installing: /home/borisfor317/Workspace/mecaro/_interview/cpp-test-ros/install/sensor/share/ament_index/resource_index/parent_prefix_path/sensor
-- Up-to-date: /home/borisfor317/Workspace/mecaro/_interview/cpp-test-ros/install/sensor/share/sensor/environment/ament_prefix_path.sh
-- Installing: /home/borisfor317/Workspace/mecaro/_interview/cpp-test-ros/install/sensor/share/sensor/environment/ament_prefix_path.dsv
-- Up-to-date: /home/borisfor317/Workspace/mecaro/_interview/cpp-test-ros/install/sensor/share/sensor/environment/path.sh
-- Installing: /home/borisfor317/Workspace/mecaro/_interview/cpp-test-ros/install/sensor/share/sensor/environment/path.dsv
-- Up-to-date: /home/borisfor317/Workspace/mecaro/_interview/cpp-test-ros/install/sensor/share/sensor/local_setup.bash
-- Up-to-date: /home/borisfor317/Workspace/mecaro/_interview/cpp-test-ros/install/sensor/share/sensor/local_setup.sh
-- Up-to-date: /home/borisfor317/Workspace/mecaro/_interview/cpp-test-ros/install/sensor/share/sensor/local_setup.zsh
-- Installing: /home/borisfor317/Workspace/mecaro/_interview/cpp-test-ros/install/sensor/share/sensor/local_setup.dsv
-- Installing: /home/borisfor317/Workspace/mecaro/_interview/cpp-test-ros/install/sensor/share/sensor/package.dsv
-- Up-to-date: /home/borisfor317/Workspace/mecaro/_interview/cpp-test-ros/install/sensor/share/ament_index/resource_index/packages/sensor
-- Up-to-date: /home/borisfor317/Workspace/mecaro/_interview/cpp-test-ros/install/sensor/share/sensor/cmake/sensorConfig.cmake
-- Up-to-date: /home/borisfor317/Workspace/mecaro/_interview/cpp-test-ros/install/sensor/share/sensor/cmake/sensorConfig-version.cmake
-- Installing: /home/borisfor317/Workspace/mecaro/_interview/cpp-test-ros/install/sensor/share/sensor/package.xml
