[0.022s] Invoking command in '/home/borisfor317/Workspace/mecaro/_interview/cpp-test-ros/build/sensor': CMAKE_PREFIX_PATH=${CMAKE_PREFIX_PATH}:/opt/ros/foxy /usr/bin/cmake --build /home/borisfor317/Workspace/mecaro/_interview/cpp-test-ros/build/sensor -- -j12 -l12
[0.037s] -- Found ament_cmake: 0.9.11 (/opt/ros/foxy/share/ament_cmake/cmake)
[0.068s] -- Using PYTHON_EXECUTABLE: /home/borisfor317/.pyenv/shims/python3
[0.194s] -- Found rclcpp: 2.4.2 (/opt/ros/foxy/share/rclcpp/cmake)
[0.217s] -- Using all available rosidl_typesupport_c: rosidl_typesupport_fastrtps_c;rosidl_typesupport_introspection_c
[0.220s] -- Found rosidl_adapter: 1.3.0 (/opt/ros/foxy/share/rosidl_adapter/cmake)
[0.296s] -- Using all available rosidl_typesupport_cpp: rosidl_typesupport_fastrtps_cpp;rosidl_typesupport_introspection_cpp
[0.329s] -- Found rmw_implementation_cmake: 1.0.3 (/opt/ros/foxy/share/rmw_implementation_cmake/cmake)
[0.329s] -- Using RMW implementation 'rmw_fastrtps_cpp' as default
[0.422s] -- Found sensor_msgs: 2.0.5 (/opt/ros/foxy/share/sensor_msgs/cmake)
[0.494s] -- Found ament_lint_auto: 0.9.7 (/opt/ros/foxy/share/ament_lint_auto/cmake)
[0.551s] -- Added test 'copyright' to check source files copyright and LICENSE
[0.559s] -- Added test 'cppcheck' to perform static code analysis on C / C++ code
[0.559s] -- Configured cppcheck include dirs: /home/borisfor317/Workspace/mecaro/_interview/cpp-test-ros/sensor/include
[0.559s] -- Configured cppcheck exclude dirs and/or files: 
[0.566s] -- Added test 'cpplint' to check C / C++ code against the Google style
[0.566s] -- Configured cpplint exclude dirs and/or files: 
[0.567s] -- Added test 'flake8' to check Python code syntax and style conventions
[0.569s] -- Added test 'lint_cmake' to check CMake code style
[0.570s] -- Added test 'pep257' to check Python code against some of the style conventions in PEP 257
[0.577s] -- Added test 'uncrustify' to check C / C++ code style
[0.577s] -- Configured uncrustify additional arguments: 
[0.579s] -- Added test 'xmllint' to check XML markup files
[0.580s] -- Configuring done
[0.585s] -- Generating done
[0.586s] -- Build files have been written to: /home/borisfor317/Workspace/mecaro/_interview/cpp-test-ros/build/sensor
[0.601s] [35m[1mScanning dependencies of target mock[0m
[0.619s] [ 50%] [32mBuilding CXX object CMakeFiles/mock.dir/src/mock.cpp.o[0m
[2.430s] [100%] [32m[1mLinking CXX executable mock[0m
[2.552s] [100%] Built target mock
[2.559s] Invoked command in '/home/borisfor317/Workspace/mecaro/_interview/cpp-test-ros/build/sensor' returned '0': CMAKE_PREFIX_PATH=${CMAKE_PREFIX_PATH}:/opt/ros/foxy /usr/bin/cmake --build /home/borisfor317/Workspace/mecaro/_interview/cpp-test-ros/build/sensor -- -j12 -l12
[2.579s] Invoking command in '/home/borisfor317/Workspace/mecaro/_interview/cpp-test-ros/build/sensor': CMAKE_PREFIX_PATH=${CMAKE_PREFIX_PATH}:/opt/ros/foxy /usr/bin/cmake --install /home/borisfor317/Workspace/mecaro/_interview/cpp-test-ros/build/sensor
[2.584s] -- Install configuration: ""
[2.584s] -- Installing: /home/borisfor317/Workspace/mecaro/_interview/cpp-test-ros/install/sensor/lib/sensor/mock
[2.585s] -- Set runtime path of "/home/borisfor317/Workspace/mecaro/_interview/cpp-test-ros/install/sensor/lib/sensor/mock" to ""
[2.585s] -- Up-to-date: /home/borisfor317/Workspace/mecaro/_interview/cpp-test-ros/install/sensor/share/ament_index/resource_index/package_run_dependencies/sensor
[2.585s] -- Up-to-date: /home/borisfor317/Workspace/mecaro/_interview/cpp-test-ros/install/sensor/share/ament_index/resource_index/parent_prefix_path/sensor
[2.585s] -- Up-to-date: /home/borisfor317/Workspace/mecaro/_interview/cpp-test-ros/install/sensor/share/sensor/environment/ament_prefix_path.sh
[2.585s] -- Installing: /home/borisfor317/Workspace/mecaro/_interview/cpp-test-ros/install/sensor/share/sensor/environment/ament_prefix_path.dsv
[2.585s] -- Up-to-date: /home/borisfor317/Workspace/mecaro/_interview/cpp-test-ros/install/sensor/share/sensor/environment/path.sh
[2.585s] -- Installing: /home/borisfor317/Workspace/mecaro/_interview/cpp-test-ros/install/sensor/share/sensor/environment/path.dsv
[2.585s] -- Up-to-date: /home/borisfor317/Workspace/mecaro/_interview/cpp-test-ros/install/sensor/share/sensor/local_setup.bash
[2.585s] -- Up-to-date: /home/borisfor317/Workspace/mecaro/_interview/cpp-test-ros/install/sensor/share/sensor/local_setup.sh
[2.585s] -- Up-to-date: /home/borisfor317/Workspace/mecaro/_interview/cpp-test-ros/install/sensor/share/sensor/local_setup.zsh
[2.585s] -- Installing: /home/borisfor317/Workspace/mecaro/_interview/cpp-test-ros/install/sensor/share/sensor/local_setup.dsv
[2.585s] -- Installing: /home/borisfor317/Workspace/mecaro/_interview/cpp-test-ros/install/sensor/share/sensor/package.dsv
[2.585s] -- Up-to-date: /home/borisfor317/Workspace/mecaro/_interview/cpp-test-ros/install/sensor/share/ament_index/resource_index/packages/sensor
[2.585s] -- Up-to-date: /home/borisfor317/Workspace/mecaro/_interview/cpp-test-ros/install/sensor/share/sensor/cmake/sensorConfig.cmake
[2.586s] -- Up-to-date: /home/borisfor317/Workspace/mecaro/_interview/cpp-test-ros/install/sensor/share/sensor/cmake/sensorConfig-version.cmake
[2.586s] -- Up-to-date: /home/borisfor317/Workspace/mecaro/_interview/cpp-test-ros/install/sensor/share/sensor/package.xml
[2.588s] Invoked command in '/home/borisfor317/Workspace/mecaro/_interview/cpp-test-ros/build/sensor' returned '0': CMAKE_PREFIX_PATH=${CMAKE_PREFIX_PATH}:/opt/ros/foxy /usr/bin/cmake --install /home/borisfor317/Workspace/mecaro/_interview/cpp-test-ros/build/sensor
