[35m[1mScanning dependencies of target client[0m
[ 50%] Built target mock
[ 75%] [32mBuilding CXX object CMakeFiles/client.dir/src/client.cpp.o[0m
[100%] [32m[1mLinking CXX executable client[0m
[100%] Built target client
-- Install configuration: ""
-- Up-to-date: /home/borisfor317/Workspace/mecaro/_interview/cpp-test-ros/install/sensor/lib/sensor/mock
-- Installing: /home/borisfor317/Workspace/mecaro/_interview/cpp-test-ros/install/sensor/lib/sensor/client
-- Set runtime path of "/home/borisfor317/Workspace/mecaro/_interview/cpp-test-ros/install/sensor/lib/sensor/client" to ""
-- Up-to-date: /home/borisfor317/Workspace/mecaro/_interview/cpp-test-ros/install/sensor/share/ament_index/resource_index/package_run_dependencies/sensor
-- Up-to-date: /home/borisfor317/Workspace/mecaro/_interview/cpp-test-ros/install/sensor/share/ament_index/resource_index/parent_prefix_path/sensor
-- Up-to-date: /home/borisfor317/Workspace/mecaro/_interview/cpp-test-ros/install/sensor/share/sensor/environment/ament_prefix_path.sh
-- Up-to-date: /home/borisfor317/Workspace/mecaro/_interview/cpp-test-ros/install/sensor/share/sensor/environment/ament_prefix_path.dsv
-- Up-to-date: /home/borisfor317/Workspace/mecaro/_interview/cpp-test-ros/install/sensor/share/sensor/environment/path.sh
-- Up-to-date: /home/borisfor317/Workspace/mecaro/_interview/cpp-test-ros/install/sensor/share/sensor/environment/path.dsv
-- Up-to-date: /home/borisfor317/Workspace/mecaro/_interview/cpp-test-ros/install/sensor/share/sensor/local_setup.bash
-- Up-to-date: /home/borisfor317/Workspace/mecaro/_interview/cpp-test-ros/install/sensor/share/sensor/local_setup.sh
-- Up-to-date: /home/borisfor317/Workspace/mecaro/_interview/cpp-test-ros/install/sensor/share/sensor/local_setup.zsh
-- Up-to-date: /home/borisfor317/Workspace/mecaro/_interview/cpp-test-ros/install/sensor/share/sensor/local_setup.dsv
-- Installing: /home/borisfor317/Workspace/mecaro/_interview/cpp-test-ros/install/sensor/share/sensor/package.dsv
-- Up-to-date: /home/borisfor317/Workspace/mecaro/_interview/cpp-test-ros/install/sensor/share/ament_index/resource_index/packages/sensor
-- Up-to-date: /home/borisfor317/Workspace/mecaro/_interview/cpp-test-ros/install/sensor/share/sensor/cmake/sensorConfig.cmake
-- Up-to-date: /home/borisfor317/Workspace/mecaro/_interview/cpp-test-ros/install/sensor/share/sensor/cmake/sensorConfig-version.cmake
-- Up-to-date: /home/borisfor317/Workspace/mecaro/_interview/cpp-test-ros/install/sensor/share/sensor/package.xml
